Building DAG of jobs...
Provided cores: 1 (use --cores to define parallelism)
Rules claiming more threads will be scaled down.
Job stats:
job                  count
-----------------  -------
all                      1
annotate_variants        1
total                    2

Select jobs to execute...

[Tue Jan  7 13:44:55 2025]
rule annotate_variants:
    input: data/NIST.vcf
    output: data/annotated_variants.tsv
    jobid: 1
    reason: Missing output files: data/annotated_variants.tsv
    resources: tmpdir=C:\Users\marcu\AppData\Local\Temp

[Tue Jan  7 13:44:55 2025]
Error in rule annotate_variants:
    jobid: 1
    input: data/NIST.vcf
    output: data/annotated_variants.tsv

RuleException:
WorkflowError in file C:\Users\marcu\OneDrive\Documentos\dasa\bioinformatics-pipeline\pipeline\Snakefile, line 11:
Failed to open source file C:\Users\marcu\OneDrive\Documentos\dasa\bioinformatics-pipeline\pipeline\pipeline/scripts/annotate_variants.py
FileNotFoundError: [Errno 2] No such file or directory: 'C:\\Users\\marcu\\OneDrive\\Documentos\\dasa\\bioinformatics-pipeline\\pipeline\\pipeline/scripts/annotate_variants.py'
  File "C:\Users\marcu\OneDrive\Documentos\dasa\bioinformatics-pipeline\pipeline\Snakefile", line 11, in __rule_annotate_variants
  File "c:\users\marcu\appdata\local\programs\python\python38\lib\concurrent\futures\thread.py", line 57, in run
Shutting down, this might take some time.
Exiting because a job execution failed. Look above for error message
Complete log: .snakemake\log\2025-01-07T134454.845748.snakemake.log
